2023-02-06 13:22:52,250 INFO org.springframework.boot.devtools.autoconfigure.LocalDevToolsAutoConfiguration$RestartingClassPathChangeChangedEventListener [File Watcher] Restarting due to 33 class path changes (0 additions, 0 deletions, 33 modifications)
2023-02-06 13:22:52,609 INFO org.apache.juli.logging.DirectJDKLog [Thread-7] Pausing ProtocolHandler ["http-nio-7080"]
2023-02-06 13:22:52,613 INFO org.apache.juli.logging.DirectJDKLog [Thread-7] Stopping service [Tomcat]
2023-02-06 13:22:52,701 INFO org.apache.juli.logging.DirectJDKLog [Thread-7] Stopping ProtocolHandler ["http-nio-7080"]
2023-02-06 13:22:52,720 INFO org.apache.juli.logging.DirectJDKLog [Thread-7] Destroying ProtocolHandler ["http-nio-7080"]
2023-02-06 13:22:53,183 INFO org.springframework.boot.StartupInfoLogger [restartedMain] Starting HclMattelApplication using Java 17.0.5 with PID 31728 (D:\SNUG\Snug_Project\Project\hclApiConnector\HCLMattelApplication\target\classes started by snugt in D:\SNUG\Snug_Project\Project\hclApiConnector\HCLMattelApplication)
2023-02-06 13:22:53,183 DEBUG org.springframework.boot.StartupInfoLogger [restartedMain] Running with Spring Boot v3.0.1, Spring v6.0.3
2023-02-06 13:22:53,184 INFO org.springframework.boot.SpringApplication [restartedMain] No active profile set, falling back to 1 default profile: "default"
2023-02-06 13:22:53,491 INFO org.springframework.boot.web.embedded.tomcat.TomcatWebServer [restartedMain] Tomcat initialized with port(s): 7080 (http)
2023-02-06 13:22:53,492 INFO org.apache.juli.logging.DirectJDKLog [restartedMain] Initializing ProtocolHandler ["http-nio-7080"]
2023-02-06 13:22:53,493 INFO org.apache.juli.logging.DirectJDKLog [restartedMain] Starting service [Tomcat]
2023-02-06 13:22:53,494 INFO org.apache.juli.logging.DirectJDKLog [restartedMain] Starting Servlet engine: [Apache Tomcat/10.1.4]
2023-02-06 13:22:53,520 INFO org.apache.juli.logging.DirectJDKLog [restartedMain] Initializing Spring embedded WebApplicationContext
2023-02-06 13:22:53,521 INFO org.springframework.boot.web.servlet.context.ServletWebServerApplicationContext [restartedMain] Root WebApplicationContext: initialization completed in 332 ms
2023-02-06 13:22:53,779 INFO org.springframework.boot.devtools.autoconfigure.OptionalLiveReloadServer [restartedMain] LiveReload server is running on port 35729
2023-02-06 13:22:53,790 INFO org.apache.juli.logging.DirectJDKLog [restartedMain] Starting ProtocolHandler ["http-nio-7080"]
2023-02-06 13:22:53,919 INFO org.springframework.boot.web.embedded.tomcat.TomcatWebServer [restartedMain] Tomcat started on port(s): 7080 (http) with context path ''
2023-02-06 13:22:53,960 INFO org.springframework.boot.StartupInfoLogger [restartedMain] Started HclMattelApplication in 0.793 seconds (process running for 351136.915)
2023-02-06 13:22:53,962 INFO org.springframework.boot.devtools.autoconfigure.ConditionEvaluationDeltaLoggingListener [restartedMain] Condition evaluation unchanged
2023-02-06 13:22:59,693 INFO org.springframework.boot.devtools.autoconfigure.LocalDevToolsAutoConfiguration$RestartingClassPathChangeChangedEventListener [File Watcher] Restarting due to 33 class path changes (0 additions, 0 deletions, 33 modifications)
2023-02-06 13:22:59,717 INFO org.apache.juli.logging.DirectJDKLog [Thread-11] Pausing ProtocolHandler ["http-nio-7080"]
2023-02-06 13:22:59,718 INFO org.apache.juli.logging.DirectJDKLog [Thread-11] Stopping service [Tomcat]
2023-02-06 13:22:59,721 INFO org.apache.juli.logging.DirectJDKLog [Thread-11] Stopping ProtocolHandler ["http-nio-7080"]
2023-02-06 13:22:59,723 INFO org.apache.juli.logging.DirectJDKLog [Thread-11] Destroying ProtocolHandler ["http-nio-7080"]
2023-02-06 13:22:59,799 INFO org.springframework.boot.StartupInfoLogger [restartedMain] Starting HclMattelApplication using Java 17.0.5 with PID 31728 (D:\SNUG\Snug_Project\Project\hclApiConnector\HCLMattelApplication\target\classes started by snugt in D:\SNUG\Snug_Project\Project\hclApiConnector\HCLMattelApplication)
2023-02-06 13:22:59,799 DEBUG org.springframework.boot.StartupInfoLogger [restartedMain] Running with Spring Boot v3.0.1, Spring v6.0.3
2023-02-06 13:22:59,799 INFO org.springframework.boot.SpringApplication [restartedMain] No active profile set, falling back to 1 default profile: "default"
2023-02-06 13:23:00,029 INFO org.springframework.boot.web.embedded.tomcat.TomcatWebServer [restartedMain] Tomcat initialized with port(s): 7080 (http)
2023-02-06 13:23:00,030 INFO org.apache.juli.logging.DirectJDKLog [restartedMain] Initializing ProtocolHandler ["http-nio-7080"]
2023-02-06 13:23:00,031 INFO org.apache.juli.logging.DirectJDKLog [restartedMain] Starting service [Tomcat]
2023-02-06 13:23:00,032 INFO org.apache.juli.logging.DirectJDKLog [restartedMain] Starting Servlet engine: [Apache Tomcat/10.1.4]
2023-02-06 13:23:00,046 INFO org.apache.juli.logging.DirectJDKLog [restartedMain] Initializing Spring embedded WebApplicationContext
2023-02-06 13:23:00,046 INFO org.springframework.boot.web.servlet.context.ServletWebServerApplicationContext [restartedMain] Root WebApplicationContext: initialization completed in 242 ms
2023-02-06 13:23:00,147 INFO org.springframework.boot.devtools.autoconfigure.OptionalLiveReloadServer [restartedMain] LiveReload server is running on port 35729
2023-02-06 13:23:00,151 INFO org.apache.juli.logging.DirectJDKLog [restartedMain] Starting ProtocolHandler ["http-nio-7080"]
2023-02-06 13:23:00,156 INFO org.springframework.boot.web.embedded.tomcat.TomcatWebServer [restartedMain] Tomcat started on port(s): 7080 (http) with context path ''
2023-02-06 13:23:00,160 INFO org.springframework.boot.StartupInfoLogger [restartedMain] Started HclMattelApplication in 0.397 seconds (process running for 351143.115)
2023-02-06 13:23:00,161 INFO org.springframework.boot.devtools.autoconfigure.ConditionEvaluationDeltaLoggingListener [restartedMain] Condition evaluation unchanged
2023-02-06 13:23:12,181 INFO org.springframework.boot.devtools.autoconfigure.LocalDevToolsAutoConfiguration$RestartingClassPathChangeChangedEventListener [File Watcher] Restarting due to 33 class path changes (0 additions, 32 deletions, 1 modification)
2023-02-06 13:23:12,211 INFO org.apache.juli.logging.DirectJDKLog [Thread-15] Pausing ProtocolHandler ["http-nio-7080"]
2023-02-06 13:23:12,212 INFO org.apache.juli.logging.DirectJDKLog [Thread-15] Stopping service [Tomcat]
2023-02-06 13:23:12,214 INFO org.apache.juli.logging.DirectJDKLog [Thread-15] Stopping ProtocolHandler ["http-nio-7080"]
2023-02-06 13:23:12,215 INFO org.apache.juli.logging.DirectJDKLog [Thread-15] Destroying ProtocolHandler ["http-nio-7080"]
2023-02-06 13:23:12,276 INFO org.springframework.boot.StartupInfoLogger [restartedMain] Starting HclMattelApplication using Java 17.0.5 with PID 31728 (D:\SNUG\Snug_Project\Project\hclApiConnector\HCLMattelApplication\target\classes started by snugt in D:\SNUG\Snug_Project\Project\hclApiConnector\HCLMattelApplication)
2023-02-06 13:23:12,276 DEBUG org.springframework.boot.StartupInfoLogger [restartedMain] Running with Spring Boot v3.0.1, Spring v6.0.3
2023-02-06 13:23:12,277 INFO org.springframework.boot.SpringApplication [restartedMain] No active profile set, falling back to 1 default profile: "default"
2023-02-06 13:23:12,439 INFO org.springframework.boot.web.embedded.tomcat.TomcatWebServer [restartedMain] Tomcat initialized with port(s): 7080 (http)
2023-02-06 13:23:12,440 INFO org.apache.juli.logging.DirectJDKLog [restartedMain] Initializing ProtocolHandler ["http-nio-7080"]
2023-02-06 13:23:12,441 INFO org.apache.juli.logging.DirectJDKLog [restartedMain] Starting service [Tomcat]
2023-02-06 13:23:12,442 INFO org.apache.juli.logging.DirectJDKLog [restartedMain] Starting Servlet engine: [Apache Tomcat/10.1.4]
2023-02-06 13:23:12,457 INFO org.apache.juli.logging.DirectJDKLog [restartedMain] Initializing Spring embedded WebApplicationContext
2023-02-06 13:23:12,457 INFO org.springframework.boot.web.servlet.context.ServletWebServerApplicationContext [restartedMain] Root WebApplicationContext: initialization completed in 177 ms
2023-02-06 13:23:12,519 INFO org.springframework.boot.devtools.autoconfigure.OptionalLiveReloadServer [restartedMain] LiveReload server is running on port 35729
2023-02-06 13:23:12,523 INFO org.apache.juli.logging.DirectJDKLog [restartedMain] Starting ProtocolHandler ["http-nio-7080"]
2023-02-06 13:23:12,531 INFO org.springframework.boot.web.embedded.tomcat.TomcatWebServer [restartedMain] Tomcat started on port(s): 7080 (http) with context path ''
2023-02-06 13:23:12,533 INFO org.springframework.boot.StartupInfoLogger [restartedMain] Started HclMattelApplication in 0.282 seconds (process running for 351155.489)
2023-02-06 13:23:12,535 INFO org.springframework.boot.devtools.autoconfigure.ConditionEvaluationDeltaLoggingListener [restartedMain] Condition evaluation unchanged
2023-02-06 13:27:59,310 INFO org.springframework.boot.devtools.autoconfigure.LocalDevToolsAutoConfiguration$RestartingClassPathChangeChangedEventListener [File Watcher] Restarting due to 1 class path change (0 additions, 0 deletions, 1 modification)
2023-02-06 13:27:59,333 INFO org.apache.juli.logging.DirectJDKLog [Thread-19] Pausing ProtocolHandler ["http-nio-7080"]
2023-02-06 13:27:59,333 INFO org.apache.juli.logging.DirectJDKLog [Thread-19] Stopping service [Tomcat]
2023-02-06 13:27:59,337 INFO org.apache.juli.logging.DirectJDKLog [Thread-19] Stopping ProtocolHandler ["http-nio-7080"]
2023-02-06 13:27:59,338 INFO org.apache.juli.logging.DirectJDKLog [Thread-19] Destroying ProtocolHandler ["http-nio-7080"]
2023-02-06 13:27:59,392 INFO org.springframework.boot.StartupInfoLogger [restartedMain] Starting HclMattelApplication using Java 17.0.5 with PID 31728 (D:\SNUG\Snug_Project\Project\hclApiConnector\HCLMattelApplication\target\classes started by snugt in D:\SNUG\Snug_Project\Project\hclApiConnector\HCLMattelApplication)
2023-02-06 13:27:59,392 DEBUG org.springframework.boot.StartupInfoLogger [restartedMain] Running with Spring Boot v3.0.1, Spring v6.0.3
2023-02-06 13:27:59,393 INFO org.springframework.boot.SpringApplication [restartedMain] No active profile set, falling back to 1 default profile: "default"
2023-02-06 13:27:59,572 INFO org.springframework.boot.web.embedded.tomcat.TomcatWebServer [restartedMain] Tomcat initialized with port(s): 7080 (http)
2023-02-06 13:27:59,573 INFO org.apache.juli.logging.DirectJDKLog [restartedMain] Initializing ProtocolHandler ["http-nio-7080"]
2023-02-06 13:27:59,573 INFO org.apache.juli.logging.DirectJDKLog [restartedMain] Starting service [Tomcat]
2023-02-06 13:27:59,574 INFO org.apache.juli.logging.DirectJDKLog [restartedMain] Starting Servlet engine: [Apache Tomcat/10.1.4]
2023-02-06 13:27:59,591 INFO org.apache.juli.logging.DirectJDKLog [restartedMain] Initializing Spring embedded WebApplicationContext
2023-02-06 13:27:59,592 INFO org.springframework.boot.web.servlet.context.ServletWebServerApplicationContext [restartedMain] Root WebApplicationContext: initialization completed in 193 ms
2023-02-06 13:27:59,662 INFO org.springframework.boot.devtools.autoconfigure.OptionalLiveReloadServer [restartedMain] LiveReload server is running on port 35729
2023-02-06 13:27:59,671 INFO org.apache.juli.logging.DirectJDKLog [restartedMain] Starting ProtocolHandler ["http-nio-7080"]
2023-02-06 13:27:59,676 INFO org.springframework.boot.web.embedded.tomcat.TomcatWebServer [restartedMain] Tomcat started on port(s): 7080 (http) with context path ''
2023-02-06 13:27:59,680 INFO org.springframework.boot.StartupInfoLogger [restartedMain] Started HclMattelApplication in 0.312 seconds (process running for 351442.636)
2023-02-06 13:27:59,682 INFO org.springframework.boot.devtools.autoconfigure.ConditionEvaluationDeltaLoggingListener [restartedMain] Condition evaluation unchanged
2023-02-06 13:33:24,976 INFO org.apache.juli.logging.DirectJDKLog [http-nio-7080-exec-1] Initializing Spring DispatcherServlet 'dispatcherServlet'
2023-02-06 13:33:24,980 INFO org.springframework.web.servlet.FrameworkServlet [http-nio-7080-exec-1] Initializing Servlet 'dispatcherServlet'
2023-02-06 13:33:25,047 INFO org.springframework.web.servlet.FrameworkServlet [http-nio-7080-exec-1] Completed initialization in 67 ms
